19:46:24 **** Incremental Build of configuration Debug for project segundo_parcial ****
make -r -j3 all 
Building file: ../source/CONVERSION.c
Building file: ../source/main.c
Invoking: MCU C Compiler
Invoking: MCU C Compiler
arm-none-eabi-gcc -DCR_INTEGER_PRINTF -DSDK_DEBUGCONSOLE=0 -D__MCUXPRESSO -D__USE_CMSIS -DDEBUG -DSDK_OS_BAREMETAL -DFSL_RTOS_BM -DCPU_MK64FN1M0VLL12 -DCPU_MK64FN1M0VLL12_cm4 -D__REDLIB__ -I"/Sistemas_Embebidos/Examen2/segundo_parcial/source" -I"/Sistemas_Embebidos/Examen2/segundo_parcial" -I"/Sistemas_Embebidos/Examen2/segundo_parcial/CMSIS" -I/Users/Roberto/mcuxpresso/SDKPackages/SDK_2/CMSIS/Include -I/Users/Roberto/mcuxpresso/SDKPackages/SDK_2/CMSIS -I/Users/Roberto/mcuxpresso/SDKPackages/SDK_2/devices/MK64F12 -I/Users/Roberto/mcuxpresso/SDKPackages/SDK_2/devices -I"/Sistemas_Embebidos/Examen2/segundo_parcial/startup" -O0 -fno-common -g3 -Wall -c -fmessage-length=0 -fno-builtin -ffunction-sections -fdata-sections -mcpu=cortex-m4 -mfpu=fpv4-sp-d16 -mfloat-abi=hard -mthumb -D__REDLIB__ -specs=redlib.specs -MMD -MP -MF"source/CONVERSION.d" -MT"source/CONVERSION.o" -MT"source/CONVERSION.d" -o "source/CONVERSION.o" "../source/CONVERSION.c"
arm-none-eabi-gcc -DCR_INTEGER_PRINTF -DSDK_DEBUGCONSOLE=0 -D__MCUXPRESSO -D__USE_CMSIS -DDEBUG -DSDK_OS_BAREMETAL -DFSL_RTOS_BM -DCPU_MK64FN1M0VLL12 -DCPU_MK64FN1M0VLL12_cm4 -D__REDLIB__ -I"/Sistemas_Embebidos/Examen2/segundo_parcial/source" -I"/Sistemas_Embebidos/Examen2/segundo_parcial" -I"/Sistemas_Embebidos/Examen2/segundo_parcial/CMSIS" -I/Users/Roberto/mcuxpresso/SDKPackages/SDK_2/CMSIS/Include -I/Users/Roberto/mcuxpresso/SDKPackages/SDK_2/CMSIS -I/Users/Roberto/mcuxpresso/SDKPackages/SDK_2/devices/MK64F12 -I/Users/Roberto/mcuxpresso/SDKPackages/SDK_2/devices -I"/Sistemas_Embebidos/Examen2/segundo_parcial/startup" -O0 -fno-common -g3 -Wall -c -fmessage-length=0 -fno-builtin -ffunction-sections -fdata-sections -mcpu=cortex-m4 -mfpu=fpv4-sp-d16 -mfloat-abi=hard -mthumb -D__REDLIB__ -specs=redlib.specs -MMD -MP -MF"source/main.d" -MT"source/main.o" -MT"source/main.d" -o "source/main.o" "../source/main.c"
../source/main.c: In function 'main':
../source/main.c:44:2: warning: implicit declaration of function 'init' [-Wimplicit-function-declaration]
  init();
  ^
../source/main.c:71:9: warning: implicit declaration of function 'convertToMorse' [-Wimplicit-function-declaration]
         convertToMorse(text[i]);
         ^
../source/CONVERSION.c: In function 'convertToMorse':
../source/CONVERSION.c:26:1: warning: implicit declaration of function 'convert' [-Wimplicit-function-declaration]
 convert(text);
 ^
Finished building: ../source/CONVERSION.c
 
Finished building: ../source/main.c
 
Building target: segundo_parcial.axf
Invoking: MCU Linker
arm-none-eabi-gcc -nostdlib -Xlinker -Map="segundo_parcial.map" -Xlinker --gc-sections -Xlinker -print-memory-usage -mcpu=cortex-m4 -mfpu=fpv4-sp-d16 -mfloat-abi=hard -mthumb -T segundo_parcial_Debug.ld -o "segundo_parcial.axf"  ./startup/startup_mk64f12.o  ./source/CONVERSION.o ./source/GPIO.o ./source/GlobalFunctions.o ./source/NVIC.o ./source/PIT.o ./source/UART.o ./source/main.o  ./CMSIS/system_MK64F12.o   
Memory region         Used Size  Region Size  %age Used
   PROGRAM_FLASH:        6928 B         1 MB      0.66%
      SRAM_UPPER:        8492 B       192 KB      4.32%
./source/CONVERSION.o: In function `convertToMorse':
/Sistemas_Embebidos/Examen2/segundo_parcial/Debug/../source/CONVERSION.c:26: undefined reference to `convert'
collect2: error: ld returned 1 exit status
      SRAM_LOWER:          0 GB        64 KB      0.00%
        FLEX_RAM:          0 GB         4 KB      0.00%
make: *** [segundo_parcial.axf] Error 1

19:46:25 Build Finished (took 1s.199ms)

